Using pre-set license
Built from '2020.3/staging' branch; Version is '2020.3.5f1 (8095aa901b9b) revision 8426922'; Using compiler version '192528614'; Build Type 'Release'
OS: 'Windows 10 Education; OS build 19044.1288; Version 2009; 64bit' Language: 'en' Physical Memory: 32617 MB
BatchMode: 1, IsHumanControllingUs: 0, StartBugReporterOnCrash: 0, Is64bit: 1, IsPro: 0

 COMMAND LINE ARGUMENTS:
C:\Program Files\Unity\Hub\Editor\2020.3.5f1\Editor\Unity.exe
-adb2
-batchMode
-noUpm
-name
AssetImportWorker0
-projectPath
C:/Users/s201293/source/repos/UserInterface/StudentStarterProject - OptionsDialog
-logFile
Logs/AssetImportWorker0.log
-srvPort
64531
Successfully changed project path to: C:/Users/s201293/source/repos/UserInterface/StudentStarterProject - OptionsDialog
C:/Users/s201293/source/repos/UserInterface/StudentStarterProject - OptionsDialog
Using Asset Import Pipeline V2.
Refreshing native plugins compatible for Editor in 17.44 ms, found 0 plugins.
Preloading 0 native plugins for Editor in 0.00 ms.
Initialize engine version: 2020.3.5f1 (8095aa901b9b)
[Subsystems] Discovering subsystems at path C:/Program Files/Unity/Hub/Editor/2020.3.5f1/Editor/Data/Resources/UnitySubsystems
[Subsystems] Discovering subsystems at path C:/Users/s201293/source/repos/UserInterface/StudentStarterProject - OptionsDialog/Assets
GfxDevice: creating device client; threaded=0
Direct3D:
    Version:  Direct3D 11.0 [level 11.1]
    Renderer: NVIDIA GeForce RTX 3060 Ti (ID=0x2489)
    Vendor:   
    VRAM:     8050 MB
    Driver:   30.0.14.9676
Initialize mono
Mono path[0] = 'C:/Program Files/Unity/Hub/Editor/2020.3.5f1/Editor/Data/Managed'
Mono path[1] = 'C:/Program Files/Unity/Hub/Editor/2020.3.5f1/Editor/Data/MonoBleedingEdge/lib/mono/unityjit'
Mono config path = 'C:/Program Files/Unity/Hub/Editor/2020.3.5f1/Editor/Data/MonoBleedingEdge/etc'
Using monoOptions --debugger-agent=transport=dt_socket,embedding=1,server=y,suspend=n,address=127.0.0.1:56296
Begin MonoManager ReloadAssembly
Registering precompiled unity dll's ...
Register platform support module: C:/Program Files/Unity/Hub/Editor/2020.3.5f1/Editor/Data/PlaybackEngines/WebGLSupport/UnityEditor.WebGL.Extensions.dll
Register platform support module: C:/Program Files/Unity/Hub/Editor/2020.3.5f1/Editor/Data/PlaybackEngines/WindowsStandaloneSupport/UnityEditor.WindowsStandalone.Extensions.dll
Registered in 0.001806 seconds.
Native extension for WindowsStandalone target not found
Native extension for WebGL target not found
Refreshing native plugins compatible for Editor in 18.01 ms, found 0 plugins.
Preloading 0 native plugins for Editor in 0.00 ms.
Mono: successfully reloaded assembly
- Completed reload, in  1.461 seconds
Platform modules already initialized, skipping
Registering precompiled user dll's ...
Registered in 0.000503 seconds.
Begin MonoManager ReloadAssembly
Native extension for WindowsStandalone target not found
Native extension for WebGL target not found
Refreshing native plugins compatible for Editor in 0.19 ms, found 0 plugins.
Preloading 0 native plugins for Editor in 0.00 ms.
Mono: successfully reloaded assembly
- Completed reload, in  0.590 seconds
Platform modules already initialized, skipping
========================================================================
Worker process is ready to serve import requests
Launched and connected shader compiler UnityShaderCompiler.exe after 0.03 seconds
Refreshing native plugins compatible for Editor in 0.32 ms, found 0 plugins.
Preloading 0 native plugins for Editor in 0.00 ms.
Unloading 1128 Unused Serialized files (Serialized files now loaded: 0)
System memory in use before: 59.1 MB.
System memory in use after: 59.2 MB.

Unloading 9 unused Assets to reduce memory usage. Loaded Objects now: 1571.
Total: 1.718200 ms (FindLiveObjects: 0.121100 ms CreateObjectMapping: 0.034400 ms MarkObjects: 1.506400 ms  DeleteObjects: 0.055000 ms)

========================================================================
Received Import Request.
  path: Assets/Scripts
  artifactKey: Guid(28d1858d547a05d409861ca84e5f8ddf) Importer(815301076,1909f56bfc062723c751e8b465ee728b)
Start importing Assets/Scripts using Guid(28d1858d547a05d409861ca84e5f8ddf) Importer(815301076,1909f56bfc062723c751e8b465ee728b)  -> (artifact id: '482a18b059d36769e8e23af8daac06b4') in 0.006962 seconds
  Import took 0.008389 seconds .

========================================================================
Received Import Request.
  Time since last request: 0.000234 seconds.
  path: Assets/Scripts/Settings.cs
  artifactKey: Guid(4aaf0e8402aa75346ac4e699101a0970) Importer(815301076,1909f56bfc062723c751e8b465ee728b)
Start importing Assets/Scripts/Settings.cs using Guid(4aaf0e8402aa75346ac4e699101a0970) Importer(815301076,1909f56bfc062723c751e8b465ee728b)  -> (artifact id: '933da6b8f73c2cea701ff68719383954') in 0.015404 seconds
  Import took 0.016875 seconds .

========================================================================
Received Import Request.
  Time since last request: 1.033429 seconds.
  path: Assets/Scripts/FloatEditor.cs
  artifactKey: Guid(ecd542f7dfcb05140a0def46a5ff2045) Importer(815301076,1909f56bfc062723c751e8b465ee728b)
Start importing Assets/Scripts/FloatEditor.cs using Guid(ecd542f7dfcb05140a0def46a5ff2045) Importer(815301076,1909f56bfc062723c751e8b465ee728b)  -> (artifact id: 'f235bfe14c5e74a0d8bc294d2444a7a3') in 0.005191 seconds
  Import took 0.006802 seconds .

========================================================================
Received Import Request.
  Time since last request: 1.373266 seconds.
  path: Assets/Scripts/SettingsUI.cs
  artifactKey: Guid(4d4cfe7300c7eac45b604e26bc942555) Importer(815301076,1909f56bfc062723c751e8b465ee728b)
Start importing Assets/Scripts/SettingsUI.cs using Guid(4d4cfe7300c7eac45b604e26bc942555) Importer(815301076,1909f56bfc062723c751e8b465ee728b)  -> (artifact id: '65909e00a160bae68fbdf1a27b44e9e8') in 0.005425 seconds
  Import took 0.007188 seconds .

AssetImportWorkerClient::OnTransportError - code=2 error=End of file
